Determining if the pthread_create exist failed with the following output:
Change Dir: /mnt/dataTGUT_/DocumentsTGUT_/c++/ros_interface/build/CMakeFiles/CMakeTmp

Run Build Command:"/usr/bin/make" "cmTC_f792b/fast"
/usr/bin/make -f CMakeFiles/cmTC_f792b.dir/build.make CMakeFiles/cmTC_f792b.dir/build
make[1]: Entering directory '/mnt/dataTGUT_/DocumentsTGUT_/c++/ros_interface/build/CMakeFiles/CMakeTmp'
Building C object CMakeFiles/cmTC_f792b.dir/CheckSymbolExists.c.o
/usr/bin/cc     -o CMakeFiles/cmTC_f792b.dir/CheckSymbolExists.c.o   -c /mnt/dataTGUT_/DocumentsTGUT_/c++/ros_interface/build/CMakeFiles/CMakeTmp/CheckSymbolExists.c
Linking C executable cmTC_f792b
/usr/bin/cmake -E cmake_link_script CMakeFiles/cmTC_f792b.dir/link.txt --verbose=1
/usr/bin/cc       CMakeFiles/cmTC_f792b.dir/CheckSymbolExists.c.o  -o cmTC_f792b -rdynamic 
CMakeFiles/cmTC_f792b.dir/CheckSymbolExists.c.o: In function `main':
CheckSymbolExists.c:(.text+0x16): undefined reference to `pthread_create'
collect2: error: ld returned 1 exit status
CMakeFiles/cmTC_f792b.dir/build.make:97: recipe for target 'cmTC_f792b' failed
make[1]: *** [cmTC_f792b] Error 1
make[1]: Leaving directory '/mnt/dataTGUT_/DocumentsTGUT_/c++/ros_interface/build/CMakeFiles/CMakeTmp'
Makefile:126: recipe for target 'cmTC_f792b/fast' failed
make: *** [cmTC_f792b/fast] Error 2

File /mnt/dataTGUT_/DocumentsTGUT_/c++/ros_interface/build/CMakeFiles/CMakeTmp/CheckSymbolExists.c:
/* */
#include <pthread.h>

int main(int argc, char** argv)
{
  (void)argv;
#ifndef pthread_create
  return ((int*)(&pthread_create))[argc];
#else
  (void)argc;
  return 0;
#endif
}

Determining if the function pthread_create exists in the pthreads failed with the following output:
Change Dir: /mnt/dataTGUT_/DocumentsTGUT_/c++/ros_interface/build/CMakeFiles/CMakeTmp

Run Build Command:"/usr/bin/make" "cmTC_12afa/fast"
/usr/bin/make -f CMakeFiles/cmTC_12afa.dir/build.make CMakeFiles/cmTC_12afa.dir/build
make[1]: Entering directory '/mnt/dataTGUT_/DocumentsTGUT_/c++/ros_interface/build/CMakeFiles/CMakeTmp'
Building C object CMakeFiles/cmTC_12afa.dir/CheckFunctionExists.c.o
/usr/bin/cc    -DCHECK_FUNCTION_EXISTS=pthread_create   -o CMakeFiles/cmTC_12afa.dir/CheckFunctionExists.c.o   -c /usr/share/cmake-3.5/Modules/CheckFunctionExists.c
Linking C executable cmTC_12afa
/usr/bin/cmake -E cmake_link_script CMakeFiles/cmTC_12afa.dir/link.txt --verbose=1
/usr/bin/cc   -DCHECK_FUNCTION_EXISTS=pthread_create    CMakeFiles/cmTC_12afa.dir/CheckFunctionExists.c.o  -o cmTC_12afa -rdynamic -lpthreads 
/usr/bin/ld: cannot find -lpthreads
collect2: error: ld returned 1 exit status
CMakeFiles/cmTC_12afa.dir/build.make:97: recipe for target 'cmTC_12afa' failed
make[1]: *** [cmTC_12afa] Error 1
make[1]: Leaving directory '/mnt/dataTGUT_/DocumentsTGUT_/c++/ros_interface/build/CMakeFiles/CMakeTmp'
Makefile:126: recipe for target 'cmTC_12afa/fast' failed
make: *** [cmTC_12afa/fast] Error 2


